[2022-11-1721:45:30] [ ERROR] [GlobalExceptions:21] No existe un usuario con el ID: 1
[2022-11-1721:46:41] [ ERROR] [GlobalExceptions:21] No existe un producto con el ID: 1243
[2022-11-1722:43:03] [ ERROR] [GlobalExceptions:21] No existe un producto con el ID: 0
[2022-11-1722:43:12] [ ERROR] [GlobalExceptions:21] No existe un usuario con el ID: 0
[2022-11-1722:56:08] [ ERROR] [GlobalExceptions:21] No hay reserva disponible para esos dias
[2022-11-1723:19:22] [ ERROR] [GlobalExceptions:21] No existe un producto con el ID: 0
[2022-11-1723:20:08] [ ERROR] [GlobalExceptions:21] No hay reserva disponible para esos dias
[2022-11-1723:20:40] [ ERROR] [GlobalExceptions:21] No hay reserva disponible para esos dias
[2022-11-1723:21:06] [ ERROR] [GlobalExceptions:21] No hay reserva disponible para esos dias
[2022-11-1723:21:25] [ ERROR] [GlobalExceptions:21] No hay reserva disponible para esos dias
[2022-11-1723:22:07] [ ERROR] [GlobalExceptions:21] No hay reserva disponible para esos dias
[2022-11-1723:22:45] [ ERROR] [GlobalExceptions:21] No hay reserva disponible para esos dias
[2022-11-1723:47:02] [ ERROR] [GlobalExceptions:21] No hay reserva disponible para esos dias
[2022-11-1723:47:19] [ ERROR] [GlobalExceptions:21] No hay reserva disponible para esos dias
[2022-11-2519:28:52] [ ERROR] [GlobalExceptions:21] No hay reserva disponible para esos dias
[2022-11-2521:18:48] [ ERROR] [GlobalExceptions:21] No existe un producto con el ID: 0
[2022-11-2521:18:56] [ ERROR] [GlobalExceptions:21] No existe un usuario con el ID: 0
[2022-12-0120:39:47] [ ERROR] [GlobalExceptions:21] Fechas inválidas
[2022-12-0121:16:50] [ ERROR] [GlobalExceptions:21] El id de usuario 0no existe
[2022-12-0121:18:04] [ ERROR] [GlobalExceptions:21] No existe usuario con id 0
[2022-12-0121:22:31] [ ERROR] [GlobalExceptions:21] No existe usuario con id 0
